<?xml version="1.0" encoding="UTF-8"?>
<testng-results ignored="0" total="3" passed="0" failed="3" skipped="0">
  <reporter-output>
    <line>
      <![CDATA[Abrir Navegador Chrome]]>
    </line>
    <line>
      <![CDATA[Abrir Navegador Chrome]]>
    </line>
    <line>
      <![CDATA[Abrir Navegador Chrome]]>
    </line>
  </reporter-output>
  <suite started-at="2022-06-10T21:39:46 ART" name="Suite" finished-at="2022-06-10T21:40:50 ART" duration-ms="63580">
    <groups>
      <group name="AlojamiendoDespegar">
        <method signature="despegarTest.ValidarAlojamiendoDespegar(java.lang.String)[pri:0, instance:com.seleniuim.test.despegarTest@1ac85b0c]" name="ValidarAlojamiendoDespegar" class="com.seleniuim.test.despegarTest"/>
      </group> <!-- AlojamiendoDespegar -->
    </groups>
    <test started-at="2022-06-10T21:39:46 ART" name="Test" finished-at="2022-06-10T21:40:50 ART" duration-ms="63580">
      <class name="com.seleniuim.test.despegarTest">
        <test-method is-config="true" signature="setup(org.testng.ITestContext)[pri:0, instance:com.seleniuim.test.despegarTest@1ac85b0c]" started-at="2022-06-10T21:39:46 ART" name="setup" finished-at="2022-06-10T21:39:56 ART" duration-ms="9752" status="PASS">
          <params>
            <param index="0">
              <value>
                <![CDATA[org.testng.TestRunner@136a4800]]>
              </value>
            </param>
          </params>
          <reporter-output>
            <line>
              <![CDATA[Abrir Navegador Chrome]]>
            </line>
          </reporter-output>
        </test-method> <!-- setup -->
        <test-method signature="ValidarAlojamiendoDespegar(java.lang.String)[pri:0, instance:com.seleniuim.test.despegarTest@1ac85b0c]" started-at="2022-06-10T21:39:56 ART" name="ValidarAlojamiendoDespegar" data-provider="DataProviderDespegar" finished-at="2022-06-10T21:40:09 ART" duration-ms="13174" status="FAIL">
          <params>
            <param index="0">
              <value>
                <![CDATA[Bariloche]]>
              </value>
            </param>
          </params>
          <exception class="java.lang.NullPointerException">
            <message>
              <![CDATA[Cannot invoke "org.openqa.selenium.support.ui.WebDriverWait.until(java.util.function.Function)" because "this.wait" is null]]>
            </message>
            <full-stacktrace>
              <![CDATA[java.lang.NullPointerException: Cannot invoke "org.openqa.selenium.support.ui.WebDriverWait.until(java.util.function.Function)" because "this.wait" is null
at pageObjects.despegarResoultsPage.VerDetalles(despegarResoultsPage.java:25)
at com.seleniuim.test.despegarTest.ValidarAlojamiendoDespegar(despegarTest.java:58)
at java.base/jdk.internal.reflect.NativeMethodAccessorImpl.invoke0(Native Method)
at java.base/jdk.internal.reflect.NativeMethodAccessorImpl.invoke(NativeMethodAccessorImpl.java:77)
at java.base/jdk.internal.reflect.DelegatingMethodAccessorImpl.invoke(DelegatingMethodAccessorImpl.java:43)
at java.base/java.lang.reflect.Method.invoke(Method.java:568)
at org.testng.internal.invokers.MethodInvocationHelper.invokeMethod(MethodInvocationHelper.java:135)
at org.testng.internal.invokers.TestInvoker.invokeMethod(TestInvoker.java:673)
at org.testng.internal.invokers.TestInvoker.invokeTestMethod(TestInvoker.java:220)
at org.testng.internal.invokers.MethodRunner.runInSequence(MethodRunner.java:50)
at org.testng.internal.invokers.TestInvoker$MethodInvocationAgent.invoke(TestInvoker.java:945)
at org.testng.internal.invokers.TestInvoker.invokeTestMethods(TestInvoker.java:193)
at org.testng.internal.invokers.TestMethodWorker.invokeTestMethods(TestMethodWorker.java:146)
at org.testng.internal.invokers.TestMethodWorker.run(TestMethodWorker.java:128)
at java.base/java.util.ArrayList.forEach(ArrayList.java:1511)
at org.testng.TestRunner.privateRun(TestRunner.java:808)
at org.testng.TestRunner.run(TestRunner.java:603)
at org.testng.SuiteRunner.runTest(SuiteRunner.java:429)
at org.testng.SuiteRunner.runSequentially(SuiteRunner.java:423)
at org.testng.SuiteRunner.privateRun(SuiteRunner.java:383)
at org.testng.SuiteRunner.run(SuiteRunner.java:326)
at org.testng.SuiteRunnerWorker.runSuite(SuiteRunnerWorker.java:52)
at org.testng.SuiteRunnerWorker.run(SuiteRunnerWorker.java:95)
at org.testng.TestNG.runSuitesSequentially(TestNG.java:1249)
at org.testng.TestNG.runSuitesLocally(TestNG.java:1169)
at org.testng.TestNG.runSuites(TestNG.java:1092)
at org.testng.TestNG.run(TestNG.java:1060)
at org.testng.remote.AbstractRemoteTestNG.run(AbstractRemoteTestNG.java:115)
at org.testng.remote.RemoteTestNG.initAndRun(RemoteTestNG.java:251)
at org.testng.remote.RemoteTestNG.main(RemoteTestNG.java:77)
]]>
            </full-stacktrace>
          </exception> <!-- java.lang.NullPointerException -->
          <reporter-output>
          </reporter-output>
        </test-method> <!-- ValidarAlojamiendoDespegar -->
        <test-method is-config="true" signature="endsetuo()[pri:0, instance:com.seleniuim.test.despegarTest@1ac85b0c]" started-at="2022-06-10T21:40:09 ART" name="endsetuo" finished-at="2022-06-10T21:40:09 ART" duration-ms="139" status="PASS">
          <reporter-output>
          </reporter-output>
        </test-method> <!-- endsetuo -->
        <test-method is-config="true" signature="setup(org.testng.ITestContext)[pri:0, instance:com.seleniuim.test.despegarTest@1ac85b0c]" started-at="2022-06-10T21:40:09 ART" name="setup" finished-at="2022-06-10T21:40:17 ART" duration-ms="7378" status="PASS">
          <params>
            <param index="0">
              <value>
                <![CDATA[org.testng.TestRunner@136a4800]]>
              </value>
            </param>
          </params>
          <reporter-output>
            <line>
              <![CDATA[Abrir Navegador Chrome]]>
            </line>
          </reporter-output>
        </test-method> <!-- setup -->
        <test-method signature="ValidarAlojamiendoDespegar(java.lang.String)[pri:0, instance:com.seleniuim.test.despegarTest@1ac85b0c]" started-at="2022-06-10T21:40:17 ART" name="ValidarAlojamiendoDespegar" data-provider="DataProviderDespegar" finished-at="2022-06-10T21:40:29 ART" duration-ms="12575" status="FAIL">
          <params>
            <param index="0">
              <value>
                <![CDATA[San Juan]]>
              </value>
            </param>
          </params>
          <exception class="java.lang.NullPointerException">
            <message>
              <![CDATA[Cannot invoke "org.openqa.selenium.support.ui.WebDriverWait.until(java.util.function.Function)" because "this.wait" is null]]>
            </message>
            <full-stacktrace>
              <![CDATA[java.lang.NullPointerException: Cannot invoke "org.openqa.selenium.support.ui.WebDriverWait.until(java.util.function.Function)" because "this.wait" is null
at pageObjects.despegarResoultsPage.VerDetalles(despegarResoultsPage.java:25)
at com.seleniuim.test.despegarTest.ValidarAlojamiendoDespegar(despegarTest.java:58)
at java.base/jdk.internal.reflect.NativeMethodAccessorImpl.invoke0(Native Method)
at java.base/jdk.internal.reflect.NativeMethodAccessorImpl.invoke(NativeMethodAccessorImpl.java:77)
at java.base/jdk.internal.reflect.DelegatingMethodAccessorImpl.invoke(DelegatingMethodAccessorImpl.java:43)
at java.base/java.lang.reflect.Method.invoke(Method.java:568)
at org.testng.internal.invokers.MethodInvocationHelper.invokeMethod(MethodInvocationHelper.java:135)
at org.testng.internal.invokers.TestInvoker.invokeMethod(TestInvoker.java:673)
at org.testng.internal.invokers.TestInvoker.invokeTestMethod(TestInvoker.java:220)
at org.testng.internal.invokers.MethodRunner.runInSequence(MethodRunner.java:50)
at org.testng.internal.invokers.TestInvoker$MethodInvocationAgent.invoke(TestInvoker.java:945)
at org.testng.internal.invokers.TestInvoker.invokeTestMethods(TestInvoker.java:193)
at org.testng.internal.invokers.TestMethodWorker.invokeTestMethods(TestMethodWorker.java:146)
at org.testng.internal.invokers.TestMethodWorker.run(TestMethodWorker.java:128)
at java.base/java.util.ArrayList.forEach(ArrayList.java:1511)
at org.testng.TestRunner.privateRun(TestRunner.java:808)
at org.testng.TestRunner.run(TestRunner.java:603)
at org.testng.SuiteRunner.runTest(SuiteRunner.java:429)
at org.testng.SuiteRunner.runSequentially(SuiteRunner.java:423)
at org.testng.SuiteRunner.privateRun(SuiteRunner.java:383)
at org.testng.SuiteRunner.run(SuiteRunner.java:326)
at org.testng.SuiteRunnerWorker.runSuite(SuiteRunnerWorker.java:52)
at org.testng.SuiteRunnerWorker.run(SuiteRunnerWorker.java:95)
at org.testng.TestNG.runSuitesSequentially(TestNG.java:1249)
at org.testng.TestNG.runSuitesLocally(TestNG.java:1169)
at org.testng.TestNG.runSuites(TestNG.java:1092)
at org.testng.TestNG.run(TestNG.java:1060)
at org.testng.remote.AbstractRemoteTestNG.run(AbstractRemoteTestNG.java:115)
at org.testng.remote.RemoteTestNG.initAndRun(RemoteTestNG.java:251)
at org.testng.remote.RemoteTestNG.main(RemoteTestNG.java:77)
]]>
            </full-stacktrace>
          </exception> <!-- java.lang.NullPointerException -->
          <reporter-output>
          </reporter-output>
        </test-method> <!-- ValidarAlojamiendoDespegar -->
        <test-method is-config="true" signature="endsetuo()[pri:0, instance:com.seleniuim.test.despegarTest@1ac85b0c]" started-at="2022-06-10T21:40:29 ART" name="endsetuo" finished-at="2022-06-10T21:40:29 ART" duration-ms="87" status="PASS">
          <reporter-output>
          </reporter-output>
        </test-method> <!-- endsetuo -->
        <test-method is-config="true" signature="setup(org.testng.ITestContext)[pri:0, instance:com.seleniuim.test.despegarTest@1ac85b0c]" started-at="2022-06-10T21:40:29 ART" name="setup" finished-at="2022-06-10T21:40:38 ART" duration-ms="8736" status="PASS">
          <params>
            <param index="0">
              <value>
                <![CDATA[org.testng.TestRunner@136a4800]]>
              </value>
            </param>
          </params>
          <reporter-output>
            <line>
              <![CDATA[Abrir Navegador Chrome]]>
            </line>
          </reporter-output>
        </test-method> <!-- setup -->
        <test-method signature="ValidarAlojamiendoDespegar(java.lang.String)[pri:0, instance:com.seleniuim.test.despegarTest@1ac85b0c]" started-at="2022-06-10T21:40:38 ART" name="ValidarAlojamiendoDespegar" data-provider="DataProviderDespegar" finished-at="2022-06-10T21:40:50 ART" duration-ms="11595" status="FAIL">
          <params>
            <param index="0">
              <value>
                <![CDATA[CÃ³rdoba]]>
              </value>
            </param>
          </params>
          <exception class="java.lang.NullPointerException">
            <message>
              <![CDATA[Cannot invoke "org.openqa.selenium.support.ui.WebDriverWait.until(java.util.function.Function)" because "this.wait" is null]]>
            </message>
            <full-stacktrace>
              <![CDATA[java.lang.NullPointerException: Cannot invoke "org.openqa.selenium.support.ui.WebDriverWait.until(java.util.function.Function)" because "this.wait" is null
at pageObjects.despegarResoultsPage.VerDetalles(despegarResoultsPage.java:25)
at com.seleniuim.test.despegarTest.ValidarAlojamiendoDespegar(despegarTest.java:58)
at java.base/jdk.internal.reflect.NativeMethodAccessorImpl.invoke0(Native Method)
at java.base/jdk.internal.reflect.NativeMethodAccessorImpl.invoke(NativeMethodAccessorImpl.java:77)
at java.base/jdk.internal.reflect.DelegatingMethodAccessorImpl.invoke(DelegatingMethodAccessorImpl.java:43)
at java.base/java.lang.reflect.Method.invoke(Method.java:568)
at org.testng.internal.invokers.MethodInvocationHelper.invokeMethod(MethodInvocationHelper.java:135)
at org.testng.internal.invokers.TestInvoker.invokeMethod(TestInvoker.java:673)
at org.testng.internal.invokers.TestInvoker.invokeTestMethod(TestInvoker.java:220)
at org.testng.internal.invokers.MethodRunner.runInSequence(MethodRunner.java:50)
at org.testng.internal.invokers.TestInvoker$MethodInvocationAgent.invoke(TestInvoker.java:945)
at org.testng.internal.invokers.TestInvoker.invokeTestMethods(TestInvoker.java:193)
at org.testng.internal.invokers.TestMethodWorker.invokeTestMethods(TestMethodWorker.java:146)
at org.testng.internal.invokers.TestMethodWorker.run(TestMethodWorker.java:128)
at java.base/java.util.ArrayList.forEach(ArrayList.java:1511)
at org.testng.TestRunner.privateRun(TestRunner.java:808)
at org.testng.TestRunner.run(TestRunner.java:603)
at org.testng.SuiteRunner.runTest(SuiteRunner.java:429)
at org.testng.SuiteRunner.runSequentially(SuiteRunner.java:423)
at org.testng.SuiteRunner.privateRun(SuiteRunner.java:383)
at org.testng.SuiteRunner.run(SuiteRunner.java:326)
at org.testng.SuiteRunnerWorker.runSuite(SuiteRunnerWorker.java:52)
at org.testng.SuiteRunnerWorker.run(SuiteRunnerWorker.java:95)
at org.testng.TestNG.runSuitesSequentially(TestNG.java:1249)
at org.testng.TestNG.runSuitesLocally(TestNG.java:1169)
at org.testng.TestNG.runSuites(TestNG.java:1092)
at org.testng.TestNG.run(TestNG.java:1060)
at org.testng.remote.AbstractRemoteTestNG.run(AbstractRemoteTestNG.java:115)
at org.testng.remote.RemoteTestNG.initAndRun(RemoteTestNG.java:251)
at org.testng.remote.RemoteTestNG.main(RemoteTestNG.java:77)
]]>
            </full-stacktrace>
          </exception> <!-- java.lang.NullPointerException -->
          <reporter-output>
          </reporter-output>
        </test-method> <!-- ValidarAlojamiendoDespegar -->
        <test-method is-config="true" signature="endsetuo()[pri:0, instance:com.seleniuim.test.despegarTest@1ac85b0c]" started-at="2022-06-10T21:40:50 ART" name="endsetuo" finished-at="2022-06-10T21:40:50 ART" duration-ms="73" status="PASS">
          <reporter-output>
          </reporter-output>
        </test-method> <!-- endsetuo -->
      </class> <!-- com.seleniuim.test.despegarTest -->
    </test> <!-- Test -->
  </suite> <!-- Suite -->
</testng-results>
